  HOSTCC  scripts/basic/fixdep
  HOSTCC  scripts/kconfig/conf.o
  HOSTCC  scripts/kconfig/zconf.tab.o
  HOSTLD  scripts/kconfig/conf
#
# configuration written to .config
#
scripts/kconfig/conf  --silentoldconfig Kconfig
  CHK     include/config.h
  CFG     u-boot.cfg
  GEN     include/autoconf.mk.dep
  GEN     include/autoconf.mk
  CHK     include/config/uboot.release
  CHK     include/generated/timestamp_autogenerated.h
  UPD     include/generated/timestamp_autogenerated.h
  HOSTCC  scripts/dtc/dtc.o
  HOSTCC  scripts/dtc/flattree.o
  HOSTCC  scripts/dtc/fstree.o
  HOSTCC  scripts/dtc/data.o
  HOSTCC  scripts/dtc/livetree.o
  HOSTCC  scripts/dtc/treesource.o
  HOSTCC  scripts/dtc/srcpos.o
  HOSTCC  scripts/dtc/checks.o
  CHK     include/config.h
  CFG     u-boot.cfg
  HOSTCC  scripts/dtc/util.o
  HOSTCC  scripts/dtc/dtc-lexer.lex.o
  CHK     include/generated/version_autogenerated.h
  HOSTCC  scripts/dtc/dtc-parser.tab.o
  CC      lib/asm-offsets.s
  CC      arch/arm/lib/asm-offsets.s
  CHK     include/generated/generic-asm-offsets.h
  CHK     include/generated/asm-offsets.h
  LDS     u-boot.lds
  HOSTLD  scripts/dtc/dtc
  HOSTCC  tools/gen_eth_addr
  HOSTCC  tools/gen_ethaddr_crc.o
  WRAP    tools/lib/crc8.c
  HOSTCC  tools/img2srec
  HOSTCC  tools/mkenvimage.o
  HOSTCC  tools/os_support.o
  WRAP    tools/lib/crc32.c
  HOSTCC  tools/aisimage.o
  HOSTCC  tools/atmelimage.o
  WRAP    tools/common/bootm.c
  HOSTCC  tools/default_image.o
  WRAP    tools/lib/fdtdec_common.c
  WRAP    tools/lib/fdtdec.c
  HOSTCC  tools/fit_common.o
  HOSTCC  tools/fit_image.o
  WRAP    tools/common/image-fit.c
  HOSTCC  tools/image-host.o
  HOSTCC  tools/imagetool.o
  HOSTCC  tools/imximage.o
  WRAP    tools/common/image.c
  HOSTCC  tools/kwbimage.o
  WRAP    tools/lib/md5.c
  HOSTCC  tools/lpc32xximage.o
  HOSTCC  tools/mxsimage.o
  HOSTCC  tools/omapimage.o
  HOSTCC  tools/pblimage.o
  HOSTCC  tools/pbl_crc32.o
  HOSTCC  tools/vybridimage.o
  HOSTCC  tools/stm32image.o
  WRAP    tools/lib/rc4.c
  HOSTCC  tools/rkcommon.o
  HOSTCC  tools/rkimage.o
  HOSTCC  tools/rksd.o
  HOSTCC  tools/rkspi.o
  HOSTCC  tools/socfpgaimage.o
  WRAP    tools/lib/sha1.c
  WRAP    tools/lib/sha256.c
  WRAP    tools/common/hash.c
  HOSTCC  tools/ublimage.o
  HOSTCC  tools/zynqimage.o
  HOSTCC  tools/zynqmpimage.o
  HOSTCC  tools/libfdt/fdt.o
  HOSTCC  tools/libfdt/fdt_wip.o
  HOSTCC  tools/libfdt/fdt_sw.o
  HOSTCC  tools/libfdt/fdt_rw.o
  HOSTCC  tools/libfdt/fdt_strerror.o
  HOSTCC  tools/libfdt/fdt_empty_tree.o
  HOSTCC  tools/libfdt/fdt_addresses.o
  HOSTCC  tools/libfdt/fdt_overlay.o
  WRAP    tools/lib/libfdt/fdt_ro.c
  WRAP    tools/lib/libfdt/fdt_region.c
  HOSTCC  tools/gpimage.o
  HOSTCC  tools/gpimage-common.o
  HOSTCC  tools/dumpimage.o
  HOSTCC  tools/mkimage.o
  HOSTCC  tools/proftool
  HOSTCC  tools/relocate-rela
  HOSTCC  tools/fdtgrep.o
  HOSTCC  tools/lib/crc8.o
  HOSTCC  tools/lib/crc32.o
  HOSTCC  tools/common/bootm.o
  HOSTCC  tools/lib/fdtdec_common.o
  HOSTCC  tools/lib/fdtdec.o
  HOSTCC  tools/common/image-fit.o
  HOSTCC  tools/common/image.o
  HOSTCC  tools/lib/md5.o
  HOSTCC  tools/lib/rc4.o
  HOSTCC  tools/lib/sha1.o
  HOSTCC  tools/lib/sha256.o
  HOSTCC  tools/common/hash.o
  HOSTCC  tools/lib/libfdt/fdt_ro.o
  HOSTCC  tools/lib/libfdt/fdt_region.o
  HOSTLD  tools/gen_ethaddr_crc
  HOSTLD  tools/mkenvimage
  HOSTLD  tools/fdtgrep
  HOSTLD  tools/dumpimage
  HOSTLD  tools/mkimage
  LD      arch/arm/cpu/built-in.o
  CC      board/qualcomm/dragonboard410c/dragonboard410c.o
  CC      arch/arm/cpu/armv8/cpu.o
  CC      arch/arm/cpu/armv8/generic_timer.o
  AS      arch/arm/lib/crt0_64.o
  CC      arch/arm/mach-snapdragon/clock-apq8016.o
  CC      disk/part.o
  AS      arch/arm/lib/setjmp_aarch64.o
  AS      arch/arm/lib/relocate_64.o
  CC      cmd/boot.o
  CC      common/init/board_init.o
  CC      common/main.o
  CC      arch/arm/lib/bootm-fdt.o
  CC      arch/arm/cpu/armv8/cache_v8.o
  CC      cmd/bootm.o
  CC      arch/arm/mach-snapdragon/sysmap-apq8016.o
  LD      common/init/built-in.o
  CC      arch/arm/mach-snapdragon/clock-snapdragon.o
  CC      arch/arm/lib/bootm.o
  CC      common/exports.o
  LD      board/qualcomm/dragonboard410c/built-in.o
  CC      arch/arm/mach-snapdragon/tlmm-snapdragon.o
  LD      drivers/adc/built-in.o
  LD      drivers/ata/built-in.o
  CC      drivers/block/blk-uclass.o
  CC      disk/part_dos.o
  CC      cmd/help.o
  CC      cmd/version.o
  CC      common/hash.o
  CC      arch/arm/lib/image.o
  LD      arch/arm/mach-snapdragon/built-in.o
  LD      drivers/dma/built-in.o
  CC      drivers/gpio/gpio-uclass.o
  CC      cmd/blk_common.o
  CC      cmd/source.o
  CC      arch/arm/lib/sections.o
  AS      arch/arm/cpu/armv8/exceptions.o
  CC      arch/arm/lib/stack.o
  CC      common/cli_hush.o
  AS      arch/arm/cpu/armv8/cache.o
  CC      disk/part_iso.o
  CC      common/autoboot.o
  AS      arch/arm/cpu/armv8/tlb.o
  CC      cmd/bdinfo.o
  AS      arch/arm/cpu/armv8/transition.o
  CC      arch/arm/lib/interrupts_64.o
  LD      drivers/block/built-in.o
  CC      arch/arm/cpu/armv8/fwcall.o
  CC      arch/arm/cpu/armv8/cpu-dt.o
  CC      drivers/clk/clk-uclass.o
  CC      cmd/bootefi.o
  CC      disk/part_efi.o
  CC      cmd/booti.o
  CC      arch/arm/lib/reset.o
  AS      arch/arm/cpu/armv8/start.o
  LD      arch/arm/cpu/armv8/built-in.o
  CC      arch/arm/lib/cache.o
  CC      cmd/cache.o
  LD      drivers/i2c/built-in.o
  CC      arch/arm/lib/psci-dt.o
  CC      drivers/gpio/msm_gpio.o
  AR      arch/arm/lib/lib.a
  CC      drivers/clk/clk_fixed_rate.o
  AS      arch/arm/lib/crt0_aarch64_efi.o
  CC      cmd/console.o
  CC      cmd/echo.o
  CC      arch/arm/lib/reloc_aarch64_efi.o
  LD      arch/arm/lib/built-in.o
  CC      cmd/elf.o
  CC      drivers/gpio/pm8916_gpio.o
  LD      drivers/mtd/built-in.o
  CC      cmd/exit.o
  LD      drivers/mtd/onenand/built-in.o
  CC      cmd/ext4.o
  LD      drivers/clk/tegra/built-in.o
  LD      drivers/clk/built-in.o
  LD      drivers/mtd/spi/built-in.o
  LD      drivers/net/built-in.o
  CC      drivers/core/device.o
  CC      drivers/crypto/fsl/sec.o
  LD      drivers/crypto/fsl/built-in.o
  CC      cmd/ext2.o
  LD      drivers/crypto/rsa_mod_exp/built-in.o
  LD      drivers/crypto/built-in.o
  CC      cmd/fat.o
  LD      drivers/dfu/built-in.o
  LD      drivers/firmware/built-in.o
  CC      drivers/input/input.o
  CC      drivers/led/led-uclass.o
  CC      cmd/fdt.o
  LD      drivers/gpio/built-in.o
  LD      drivers/net/phy/built-in.o
  CC      cmd/flash.o
  LD      drivers/pci/built-in.o
  CC      common/board_f.o
  LD      drivers/power/built-in.o
  LD      drivers/power/battery/built-in.o
  LD      drivers/power/domain/built-in.o
  CC      drivers/led/led_gpio.o
  LD      drivers/power/fuel_gauge/built-in.o
  LD      drivers/power/mfd/built-in.o
  CC      cmd/fs.o
  CC      drivers/power/pmic/pmic-uclass.o
  LD      disk/built-in.o
  LD      drivers/power/regulator/built-in.o
  CC      drivers/core/fdtaddr.o
  LD      drivers/led/built-in.o
  CC      drivers/core/lists.o
  CC      drivers/input/key_matrix.o
  CC      drivers/power/pmic/pm8916.o
  LD      drivers/mailbox/built-in.o
  LD      drivers/memory/built-in.o
  CC      common/board_r.o
  LD      drivers/misc/built-in.o
  CC      drivers/mmc/mmc.o
  CC      drivers/mmc/mmc-uclass.o
  CC      drivers/core/root.o
  LD      drivers/power/pmic/built-in.o
  CC      drivers/serial/serial-uclass.o
  CC      drivers/core/uclass.o
  LD      drivers/input/built-in.o
  LD      drivers/pcmcia/built-in.o
  LD      drivers/phy/marvell/built-in.o
  CC      cmd/gpio.o
  CC      common/bootm.o
  CC      drivers/pinctrl/pinctrl-uclass.o
  CC      drivers/core/util.o
  CC      drivers/mmc/mmc_write.o
  CC      drivers/serial/serial_msm.o
  CC      drivers/core/device-remove.o
In file included from include/post.h:16:0,
                 from include/serial.h:4,
                 from drivers/serial/serial_msm.c:16:
drivers/serial/serial_msm.c: In function ‘gpio_tlmm_config’:
drivers/serial/serial_msm.c:225:20: warning: cast to pointer from integer of different size [-Wint-to-pointer-cast]
        writel(val, (uint32_t *)GPIO_CONFIG_ADDR(gpio));
                    ^
./arch/arm/include/asm/io.h:49:55: note: in definition of macro ‘__arch_putl’
 #define __arch_putl(v,a)  (*(volatile unsigned int *)(a) = (v))
                                                       ^
drivers/serial/serial_msm.c:225:8: note: in expansion of macro ‘writel’
        writel(val, (uint32_t *)GPIO_CONFIG_ADDR(gpio));
        ^~~~~~
drivers/serial/serial_msm.c: At top level:
drivers/serial/serial_msm.c:231:6: warning: function declaration isn’t a prototype [-Wstrict-prototypes]
 void gpio_config_uart_dm()
      ^~~~~~~~~~~~~~~~~~~
  CC      cmd/itest.o
  CC      drivers/pinctrl/pinctrl-generic.o
  CC      drivers/mmc/sdhci.o
  LD      drivers/serial/built-in.o
  CC      drivers/core/simple-bus.o
  CC      drivers/spi/spi.o
  CC      drivers/core/dump.o
  CC      cmd/led.o
  CC      common/bootm_os.o
  CC      drivers/core/of_extra.o
  LD      drivers/spi/built-in.o
  CC      drivers/usb/common/common.o
  CC      drivers/core/ofnode.o
  LD      drivers/pinctrl/broadcom/built-in.o
  CC      cmd/load.o
  LD      drivers/pinctrl/nxp/built-in.o
  LD      drivers/pinctrl/built-in.o
  LD      drivers/pwm/built-in.o
  LD      drivers/reset/built-in.o
  CC      drivers/rtc/date.o
  LD      drivers/usb/common/built-in.o
  CC      drivers/core/read_extra.o
  LD      drivers/usb/dwc3/built-in.o
  LD      drivers/usb/emul/built-in.o
  CC      common/fdt_support.o
  CC      drivers/usb/eth/usb_ether.o
  LD      drivers/rtc/built-in.o
  LD      drivers/scsi/built-in.o
  LD      drivers/soc/built-in.o
  CC      drivers/mmc/msm_sdhci.o
  LD      drivers/sound/built-in.o
  CC      drivers/usb/eth/asix.o
  LD      drivers/sysreset/built-in.o
  CC      drivers/spmi/spmi-uclass.o
  LD      drivers/thermal/built-in.o
  LD      drivers/tpm/built-in.o
  LD      drivers/video/bridge/built-in.o
  LD      drivers/video/sunxi/built-in.o
  LD      drivers/video/built-in.o
  LD      drivers/watchdog/built-in.o
  CC      drivers/spmi/spmi-msm.o
  CC      cmd/md5sum.o
  LD      drivers/core/built-in.o
  CC      cmd/mem.o
  CC      drivers/usb/eth/asix88179.o
  LD      drivers/mmc/built-in.o
  CC      cmd/mii.o
  CC      cmd/misc.o
  CC      cmd/mmc.o
  LD      drivers/spmi/built-in.o
  LD      drivers/built-in.o
  LD      drivers/usb/gadget/built-in.o
  CC      drivers/usb/eth/mcs7830.o
  LD      drivers/usb/gadget/udc/built-in.o
  CC      drivers/usb/host/usb-uclass.o
  CC      cmd/net.o
  CC      cmd/part.o
  CC      drivers/usb/eth/smsc95xx.o
  CC      cmd/pcmcia.o
  CC      cmd/pxe.o
  CC      cmd/setexpr.o
  CC      common/miiphyutil.o
  CC      cmd/test.o
  CC      cmd/unzip.o
  CC      cmd/lzmadec.o
  CC      cmd/usb.o
  CC      drivers/usb/host/ehci-hcd.o
  LD      drivers/usb/musb/built-in.o
  CC      common/usb.o
  CC      common/usb_hub.o
  LD      drivers/usb/musb-new/built-in.o
  LD      drivers/usb/phy/built-in.o
  CC      drivers/usb/ulpi/ulpi.o
  CC      drivers/usb/ulpi/ulpi-viewport.o
  LD      drivers/usb/eth/built-in.o
  DTC     arch/arm/dts/dragonboard410c.dtb
make[2]: `arch/arm/dts/dragonboard410c.dtb' is up to date.
  SHIPPED dts/dt.dtb
  DTB     dts/dt.dtb.S
  AS      dts/dt.dtb.o
  LD      dts/built-in.o
  CC      common/usb_storage.o
  LD      drivers/usb/ulpi/built-in.o
  CC      common/splash.o
  CC      env/common.o
  CC      drivers/usb/host/ehci-msm.o
  CC      cmd/disk.o
  CC      cmd/ximg.o
  CC      common/menu.o
  CC      env/env.o
  CC      common/cli_readline.o
  CC      cmd/gpt.o
  CC      cmd/nvedit.o
  CC      common/cli_simple.o
  CC      common/console.o
  CC      env/attr.o
  LD      drivers/usb/host/built-in.o
  CC      fs/fs.o
  CC      common/dlmalloc.o
  CC      env/callback.o
  CC      env/flags.o
  CC      common/malloc_simple.o
  CC      common/image.o
  CC      env/nowhere.o
  CC      common/image-android.o
common/image.c: In function ‘boot_get_ramdisk’:
common/image.c:950:13: warning: format ‘%x’ expects argument of type ‘unsigned int’, but argument 2 has type ‘long unsigned int’ [-Wformat=]
  printf("0x%x 0x%u\n", (ulong) images->ft_addr, images->ft_len);
            ~^          ~~~~~~~~~~~~~~~~~~~~~~~
            %lx
common/image.c:950:18: warning: format ‘%u’ expects argument of type ‘unsigned int’, but argument 3 has type ‘ulong {aka long unsigned int}’ [-Wformat=]
  printf("0x%x 0x%u\n", (ulong) images->ft_addr, images->ft_len);
                 ~^                              ~~~~~~~~~~~~~~
                 %lu
  CC      common/image-fdt.o
  CC      common/image-fit.o
  LD      cmd/built-in.o
common/image-android.c: In function ‘android_image_get_dt’:
common/image-android.c:184:32: warning: cast from pointer to integer of different size [-Wpointer-to-int-cast]
  printf("DT address is 0x%x\n",(unsigned int) *dt_data);
                                ^
  CC      fs/ext4/ext4fs.o
  CC      fs/ext4/ext4_common.o
  LD      env/built-in.o
  CC      lib/efi_driver/efi_uclass.o
  CC      common/memsize.o
  CC      common/stdio.o
  CC      common/cli.o
  CC      common/command.o
  CC      common/s_record.o
  CC      common/xyzModem.o
  CC      lib/efi_driver/efi_block_device.o
  CC      fs/ext4/dev.o
  LD      lib/efi_selftest/built-in.o
  CC      lib/efi_loader/efi_image_loader.o
  CC      lib/libfdt/fdt.o
  CC      lib/libfdt/fdt_wip.o
  LD      fs/ext4/built-in.o
  CC      fs/fat/fat.o
  LD      lib/efi_driver/built-in.o
  CC      lib/libfdt/fdt_strerror.o
  CC      lib/lzma/LzmaDec.o
  CC      lib/libfdt/fdt_sw.o
  CC      lib/lzma/LzmaTools.o
  CC      lib/libfdt/fdt_rw.o
  CC      lib/libfdt/fdt_empty_tree.o
  CC      lib/efi_loader/efi_boottime.o
  LD      common/built-in.o
  CC      lib/libfdt/fdt_addresses.o
  CC      net/checksum.o
  CC      lib/libfdt/fdt_overlay.o
  LD      test/built-in.o
  CC      test/dm/cmd_dm.o
  CC      lib/libfdt/fdt_ro.o
  CC      net/arp.o
  LD      test/dm/built-in.o
  CC      net/bootp.o
  CC      lib/libfdt/fdt_region.o
  CC      net/eth_legacy.o
  CC      net/eth_common.o
  LD      fs/fat/built-in.o
  CC      fs/fs_internal.o
  LD      fs/built-in.o
  CC      net/net.o
  CC      net/nfs.o
  CC      net/ping.o
  CC      net/tftp.o
  LD      lib/libfdt/built-in.o
  CC      lib/efi_loader/efi_runtime.o
  CC      lib/zlib/zlib.o
  LD      lib/lzma/built-in.o
  CC      lib/charset.o
  CC      lib/crc7.o
  CC      lib/crc8.o
  CC      lib/crc16.o
  CC      lib/fdtdec_common.o
  CC      lib/smbios.o
  CC      lib/initcall.o
  CC      lib/efi_loader/efi_console.o
  CC      lib/lmb.o
  CC      lib/ldiv.o
  CC      lib/md5.o
  CC      lib/efi_loader/efi_memory.o
  LD      net/built-in.o
  CC      lib/net_utils.o
  CC      lib/efi_loader/efi_device_path_to_text.o
  CC      lib/efi_loader/efi_device_path.o
  CC      lib/qsort.o
  CC      lib/rc4.o
  CC      lib/list_sort.o
  CC      lib/sha1.o
  CC      lib/efi_loader/efi_file.o
  CC      lib/efi_loader/efi_device_path_utilities.o
  CC      lib/sha256.o
  CC      lib/efi_loader/efi_variable.o
  CC      lib/gunzip.o
  CC      lib/efi_loader/efi_bootmgr.o
  CC      lib/efi_loader/efi_watchdog.o
  CC      lib/efi_loader/efi_disk.o
  CC      lib/efi_loader/efi_net.o
  CC      lib/fdtdec.o
  CC      lib/hashtable.o
  CC      lib/efi_loader/efi_smbios.o
  LD      lib/zlib/built-in.o
  CC      lib/errno.o
  CC      lib/efi_loader/helloworld.o
  CC      lib/display_options.o
  CC      lib/crc32.o
  LD      lib/efi_loader/built-in.o
  CC      lib/ctype.o
  CC      lib/div64.o
  CC      lib/hang.o
  CC      lib/linux_compat.o
  LD      lib/efi_loader/helloworld_efi.so
  OBJCOPY lib/efi_loader/helloworld.efi
rm lib/efi_loader/helloworld_efi.so lib/efi_loader/helloworld.o
  CC      lib/linux_string.o
  CC      lib/membuff.o
  CC      lib/slre.o
  CC      lib/tables_csum.o
  CC      lib/string.o
  CC      lib/time.o
  CC      lib/uuid.o
  CC      lib/rand.o
  CC      lib/vsprintf.o
  CC      lib/panic.o
  CC      lib/strto.o
  CC      lib/strmhz.o
  LD      lib/built-in.o
  CC      examples/standalone/stubs.o
  CC      examples/standalone/hello_world.o
  LD      examples/standalone/libstubs.o
  LD      examples/standalone/hello_world
  OBJCOPY examples/standalone/hello_world.srec
  OBJCOPY examples/standalone/hello_world.bin
  LD      u-boot
  OBJCOPY u-boot.srec
  OBJCOPY u-boot-nodtb.bin
  SYM     u-boot.sym
start=$(aarch64-elf-nm u-boot | grep __rel_dyn_start | cut -f 1 -d ' '); end=$(aarch64-elf-nm u-boot | grep __rel_dyn_end | cut -f 1 -d ' '); tools/relocate-rela u-boot-nodtb.bin 0x8F600000 $start $end
  COPY    u-boot.bin
  CFGCHK  u-boot.cfg
Logging to /local/mnt/workspace/alona/common/scripts/SecImage/secimage_output/SecImage_log.txt


    SecImage launched as: "../alona/common/scripts/SecImage/sectools.py secimage -i ./u-boot ./ -g appsbl -c ../alona/common/scripts/SecImage/config/integration/secimage.xml -s"

Config path is set to: /local/mnt/workspace/alona/common/scripts/SecImage/config/integration/secimage.xml
[33mWARNING: OEM ID is set to 0 for sign_id "appsbl"[39m
Output dir is set to: /local/mnt/workspace/alona/common/scripts/SecImage/secimage_output
Openssl v1.0.1 or greater is available at: "/usr/bin/openssl"
------------------------------------------------------
Processing 1/1: /local/mnt/workspace/u-boot/u-boot

l1_file_name = /local/mnt/workspace/alona/common/scripts/SecImage/resources/data_prov_assets/Encryption/Unified/default/l1_key.bin
l2_file_name = /local/mnt/workspace/alona/common/scripts/SecImage/resources/data_prov_assets/Encryption/Unified/default/l2_key.bin
l3_file_name = /local/mnt/workspace/alona/common/scripts/SecImage/resources/data_prov_assets/Encryption/Unified/default/l3_key.bin
Clear L1 key, clear L2 key, and clear L3 keys were provided locally.
Performing OEM sign on image: /local/mnt/workspace/u-boot/u-boot
attestation_certificate_extensions = /local/mnt/workspace/alona/common/scripts/SecImage/resources/data_prov_assets/General_Assets/Signing/openssl/v3_attest.ext
ca_certificate_extensions = /local/mnt/workspace/alona/common/scripts/SecImage/resources/data_prov_assets/General_Assets/Signing/openssl/v3.ext
openssl_configfile = /local/mnt/workspace/alona/common/scripts/SecImage/resources/data_prov_assets/General_Assets/Signing/openssl/opensslroot.cfg
Using QC HMAC for hash segment
Using PKCS RSA padding
Using a predefined Root certificate and a predefined key
Key Used: /local/mnt/workspace/alona/common/scripts/SecImage/resources/data_prov_assets/Signing/Local/qc_presigned_certs-key2048_exp65537/qpsa_rootca.key
Certificate Used: /local/mnt/workspace/alona/common/scripts/SecImage/resources/data_prov_assets/Signing/Local/qc_presigned_certs-key2048_exp65537/qpsa_rootca.cer
Using a predefined Attestation CA certificate and a predefined key
Key Used: /local/mnt/workspace/alona/common/scripts/SecImage/resources/data_prov_assets/Signing/Local/qc_presigned_certs-key2048_exp65537/qpsa_attestca.key
Certificate Used: /local/mnt/workspace/alona/common/scripts/SecImage/resources/data_prov_assets/Signing/Local/qc_presigned_certs-key2048_exp65537/qpsa_attestca.cer
Generating new Attestation certificate and a random key

Attestation Certificate Properties:
| SW_ID     | 0x0000000000000009  |
| HW_ID     | 0x0000000000000000  |
| DEBUG     | 0x0000000000000002  |
| OEM_ID    | 0x0000              |
| SW_SIZE   | 136                 |
| MODEL_ID  | 0x0000              |
| SHA_ALGO  | SHA256              |
| APP_ID    | None                |
| CRASH_DUMP| None                |
| ROT_EN    | None                |
| Exponent  | 65537               |
| TCG_MIN   | None                |
| TCG_MAX   | None                |
| FID_MIN   | None                |
| FID_MAX   | None                |

Signed image is stored at /local/mnt/workspace/alona/common/scripts/SecImage/secimage_output/default/appsbl/u-boot

Base Properties: 
| Integrity Check                 | False  |
| Signed                          | True   |
| Encrypted                       | False  |
| Size of signature               | 256    |
| Size of one cert                | 2048   |
| Num of certs in cert chain      | 3      |
| Number of root certs            | 1      |
| Hash Page Segments as segments  | False  |
| Cert chain size                 | 6144   |

ELF Properties: 
Elf Header: 
| Magic                      | ELF                           |
| Class                      | ELF64                          |
| Data                       | 2's complement, little endian  |
| Version                    | 1 (Current)                    |
| OS/ABI                     | No extensions or unspecified   |
| ABI Version                | 0                              |
| Type                       | EXEC (Executable file)         |
| Machine                    | 183                            |
| Version                    | 0x1                            |
| Entry address              | 0x8f600000                     |
| Program headers offset     | 0x00000040                     |
| Section headers offset     | 0x00000000                     |
| Flags                      | 0x00000000                     |
| ELF header size            | 64                             |
| Program headers size       | 56                             |
| Number of program headers  | 1                              |
| Section headers size       | 64                             |
| Number of section headers  | 0                              |
| String table section index | 0                              |

Elf Program Headers: 
| S.No | Type | Offset | VirtAddr | PhysAddr | FileSize | MemSize | Flags |  Align   |
|------|------|--------|----------|----------|----------|---------|-------|----------|
|  1   | LOAD |0x10000 |0x8f600000|0x8f600000| 0x8bce8  | 0x8bce8 |  0x7  | 0x10000  |

Hash Segment Properties: 
| Header Size  | 40B  |

Header: 
| cert_chain_ptr  | 0xffffffff  |
| cert_chain_size | 0x00000000  |
| code_size       | 0x00000060  |
| flash_parti_ver | 0x00000003  |
| image_dest_ptr  | 0xffffffff  |
| image_id        | 0x00000000  |
| image_size      | 0x00000060  |
| image_src       | 0x00000000  |
| sig_ptr         | 0xffffffff  |
| sig_size        | 0x00000000  |

SecElf Properties: 
| image_type        | 0     |
| max_elf_segments  | 100   |
| testsig_serialnum | None  |

------------------------------------------------------

SUMMARY:
Following actions were performed: "sign"
Output is saved at: /local/mnt/workspace/alona/common/scripts/SecImage/secimage_output

| Idx | SignId | Parse | Integrity | Sign | Encrypt |              Validate              |
|     |        |       |           |      |         | Parse | Integrity | Sign | Encrypt |
|-----|--------|-------|-----------|------|---------|-------|-----------|------|---------|
|  1. | appsbl |   T   |     NA    |  T   |    NA   |   NA  |     NA    |  NA  |    NA   |

